<?xml version="1.0" encoding="UTF-8"?>
<testsuite name="com.wakaleo.gameoflife.hamcrest.WhenIUseMyCustomHamcrestMatchers" tests="2" skipped="0" failures="0" errors="0" timestamp="2016-06-30T12:52:30" hostname="IBM193-PC0CRMUW" time="0.003">
  <properties/>
  <testcase name="weCanUseCustomMatchersWithOtherMatchers" classname="com.wakaleo.gameoflife.hamcrest.WhenIUseMyCustomHamcrestMatchers" time="0.002"/>
  <testcase name="thehasSizeMatcherShouldMatchACollectionWithExpectedSize" classname="com.wakaleo.gameoflife.hamcrest.WhenIUseMyCustomHamcrestMatchers" time="0.001"/>
  <system-out><![CDATA[]]></system-out>
  <system-err><![CDATA[]]></system-err>
</testsuite>
