<?xml version="1.0" encoding="UTF-8"?>
<testsuite name="com.wakaleo.gameoflife.integration.WhenYouStoreGamesInADatabase" tests="2" skipped="0" failures="0" errors="0" timestamp="2016-06-30T12:52:30" hostname="IBM193-PC0CRMUW" time="0.0">
  <properties/>
  <testcase name="should_load_saved_games" classname="com.wakaleo.gameoflife.integration.WhenYouStoreGamesInADatabase" time="0.0"/>
  <testcase name="should_store_games" classname="com.wakaleo.gameoflife.integration.WhenYouStoreGamesInADatabase" time="0.0"/>
  <system-out><![CDATA[]]></system-out>
  <system-err><![CDATA[]]></system-err>
</testsuite>
