<?xml version="1.0" encoding="UTF-8"?>
<testsuite name="com.wakaleo.gameoflife.webtests.controllers.WhenSpawningANewGeneration" tests="2" skipped="0" failures="0" errors="0" timestamp="2016-06-30T12:52:31" hostname="IBM193-PC0CRMUW" time="0.053">
  <properties/>
  <testcase name="theIndexUrlShouldDisplayTheHomePage" classname="com.wakaleo.gameoflife.webtests.controllers.WhenSpawningANewGeneration" time="0.0"/>
  <testcase name="whenGeneratingTheNextGenerationAnUpdatedUniverseShouldBeProduced" classname="com.wakaleo.gameoflife.webtests.controllers.WhenSpawningANewGeneration" time="0.053"/>
  <system-out><![CDATA[]]></system-out>
  <system-err><![CDATA[]]></system-err>
</testsuite>
