<?xml version="1.0" encoding="UTF-8"?>
<testsuite name="com.wakaleo.gameoflife.webtests.controllers.WhenDisplayingTheHomePage" tests="2" skipped="0" failures="0" errors="0" timestamp="2016-06-30T12:52:31" hostname="IBM193-PC0CRMUW" time="0.001">
  <properties/>
  <testcase name="theHomeUrlShouldDisplayTheHomePage" classname="com.wakaleo.gameoflife.webtests.controllers.WhenDisplayingTheHomePage" time="0.0"/>
  <testcase name="theIndexUrlShouldDisplayTheHomePage" classname="com.wakaleo.gameoflife.webtests.controllers.WhenDisplayingTheHomePage" time="0.0"/>
  <system-out><![CDATA[]]></system-out>
  <system-err><![CDATA[]]></system-err>
</testsuite>
